<?xml version="1.0" encoding="UTF-8"?>
<!-- Generated by org.testng.reporters.JUnitReportReporter -->
<testsuite skipped="0" hostname="ip-172-31-25-41" name="org.simplilearn.august2022.SeleniumWebGUITests" tests="1" failures="0" timestamp="11 Sep 2022 16:56:43 GMT" time="0.010" errors="0">
  <testcase name="test1" time="0.010" classname="org.simplilearn.august2022.SeleniumWebGUITests"/>
</testsuite> <!-- org.simplilearn.august2022.SeleniumWebGUITests -->
